# ******************************************************
# PLUTO 4.4 Grid File
# Generated on  Thu Dec  1 05:07:41 2022
# 
# DIMENSIONS: 1
# GEOMETRY:   SPHERICAL
# X1: [ 0.100046,  1.209865], 1000 point(s), 4 ghosts
# ******************************************************
1000 
 1   1.000465000000e-01    1.011563185535e-01
 2   1.011563185535e-01    1.022661371070e-01
 3   1.022661371070e-01    1.033759556605e-01
 4   1.033759556605e-01    1.044857742141e-01
 5   1.044857742141e-01    1.055955927676e-01
 6   1.055955927676e-01    1.067054113211e-01
 7   1.067054113211e-01    1.078152298746e-01
 8   1.078152298746e-01    1.089250484281e-01
 9   1.089250484281e-01    1.100348669816e-01
 10   1.100348669816e-01    1.111446855351e-01
 11   1.111446855351e-01    1.122545040886e-01
 12   1.122545040886e-01    1.133643226422e-01
 13   1.133643226422e-01    1.144741411957e-01
 14   1.144741411957e-01    1.155839597492e-01
 15   1.155839597492e-01    1.166937783027e-01
 16   1.166937783027e-01    1.178035968562e-01
 17   1.178035968562e-01    1.189134154097e-01
 18   1.189134154097e-01    1.200232339632e-01
 19   1.200232339632e-01    1.211330525168e-01
 20   1.211330525168e-01    1.222428710703e-01
 21   1.222428710703e-01    1.233526896238e-01
 22   1.233526896238e-01    1.244625081773e-01
 23   1.244625081773e-01    1.255723267308e-01
 24   1.255723267308e-01    1.266821452843e-01
 25   1.266821452843e-01    1.277919638378e-01
 26   1.277919638378e-01    1.289017823913e-01
 27   1.289017823913e-01    1.300116009449e-01
 28   1.300116009449e-01    1.311214194984e-01
 29   1.311214194984e-01    1.322312380519e-01
 30   1.322312380519e-01    1.333410566054e-01
 31   1.333410566054e-01    1.344508751589e-01
 32   1.344508751589e-01    1.355606937124e-01
 33   1.355606937124e-01    1.366705122659e-01
 34   1.366705122659e-01    1.377803308195e-01
 35   1.377803308195e-01    1.388901493730e-01
 36   1.388901493730e-01    1.399999679265e-01
 37   1.399999679265e-01    1.411097864800e-01
 38   1.411097864800e-01    1.422196050335e-01
 39   1.422196050335e-01    1.433294235870e-01
 40   1.433294235870e-01    1.444392421405e-01
 41   1.444392421405e-01    1.455490606940e-01
 42   1.455490606940e-01    1.466588792476e-01
 43   1.466588792476e-01    1.477686978011e-01
 44   1.477686978011e-01    1.488785163546e-01
 45   1.488785163546e-01    1.499883349081e-01
 46   1.499883349081e-01    1.510981534616e-01
 47   1.510981534616e-01    1.522079720151e-01
 48   1.522079720151e-01    1.533177905686e-01
 49   1.533177905686e-01    1.544276091221e-01
 50   1.544276091221e-01    1.555374276757e-01
 51   1.555374276757e-01    1.566472462292e-01
 52   1.566472462292e-01    1.577570647827e-01
 53   1.577570647827e-01    1.588668833362e-01
 54   1.588668833362e-01    1.599767018897e-01
 55   1.599767018897e-01    1.610865204432e-01
 56   1.610865204432e-01    1.621963389967e-01
 57   1.621963389967e-01    1.633061575503e-01
 58   1.633061575503e-01    1.644159761038e-01
 59   1.644159761038e-01    1.655257946573e-01
 60   1.655257946573e-01    1.666356132108e-01
 61   1.666356132108e-01    1.677454317643e-01
 62   1.677454317643e-01    1.688552503178e-01
 63   1.688552503178e-01    1.699650688713e-01
 64   1.699650688713e-01    1.710748874248e-01
 65   1.710748874248e-01    1.721847059784e-01
 66   1.721847059784e-01    1.732945245319e-01
 67   1.732945245319e-01    1.744043430854e-01
 68   1.744043430854e-01    1.755141616389e-01
 69   1.755141616389e-01    1.766239801924e-01
 70   1.766239801924e-01    1.777337987459e-01
 71   1.777337987459e-01    1.788436172994e-01
 72   1.788436172994e-01    1.799534358530e-01
 73   1.799534358530e-01    1.810632544065e-01
 74   1.810632544065e-01    1.821730729600e-01
 75   1.821730729600e-01    1.832828915135e-01
 76   1.832828915135e-01    1.843927100670e-01
 77   1.843927100670e-01    1.855025286205e-01
 78   1.855025286205e-01    1.866123471740e-01
 79   1.866123471740e-01    1.877221657275e-01
 80   1.877221657275e-01    1.888319842811e-01
 81   1.888319842811e-01    1.899418028346e-01
 82   1.899418028346e-01    1.910516213881e-01
 83   1.910516213881e-01    1.921614399416e-01
 84   1.921614399416e-01    1.932712584951e-01
 85   1.932712584951e-01    1.943810770486e-01
 86   1.943810770486e-01    1.954908956021e-01
 87   1.954908956021e-01    1.966007141557e-01
 88   1.966007141557e-01    1.977105327092e-01
 89   1.977105327092e-01    1.988203512627e-01
 90   1.988203512627e-01    1.999301698162e-01
 91   1.999301698162e-01    2.010399883697e-01
 92   2.010399883697e-01    2.021498069232e-01
 93   2.021498069232e-01    2.032596254767e-01
 94   2.032596254767e-01    2.043694440302e-01
 95   2.043694440302e-01    2.054792625838e-01
 96   2.054792625838e-01    2.065890811373e-01
 97   2.065890811373e-01    2.076988996908e-01
 98   2.076988996908e-01    2.088087182443e-01
 99   2.088087182443e-01    2.099185367978e-01
 100   2.099185367978e-01    2.110283553513e-01
 101   2.110283553513e-01    2.121381739048e-01
 102   2.121381739048e-01    2.132479924584e-01
 103   2.132479924584e-01    2.143578110119e-01
 104   2.143578110119e-01    2.154676295654e-01
 105   2.154676295654e-01    2.165774481189e-01
 106   2.165774481189e-01    2.176872666724e-01
 107   2.176872666724e-01    2.187970852259e-01
 108   2.187970852259e-01    2.199069037794e-01
 109   2.199069037794e-01    2.210167223329e-01
 110   2.210167223329e-01    2.221265408865e-01
 111   2.221265408865e-01    2.232363594400e-01
 112   2.232363594400e-01    2.243461779935e-01
 113   2.243461779935e-01    2.254559965470e-01
 114   2.254559965470e-01    2.265658151005e-01
 115   2.265658151005e-01    2.276756336540e-01
 116   2.276756336540e-01    2.287854522075e-01
 117   2.287854522075e-01    2.298952707611e-01
 118   2.298952707611e-01    2.310050893146e-01
 119   2.310050893146e-01    2.321149078681e-01
 120   2.321149078681e-01    2.332247264216e-01
 121   2.332247264216e-01    2.343345449751e-01
 122   2.343345449751e-01    2.354443635286e-01
 123   2.354443635286e-01    2.365541820821e-01
 124   2.365541820821e-01    2.376640006356e-01
 125   2.376640006356e-01    2.387738191892e-01
 126   2.387738191892e-01    2.398836377427e-01
 127   2.398836377427e-01    2.409934562962e-01
 128   2.409934562962e-01    2.421032748497e-01
 129   2.421032748497e-01    2.432130934032e-01
 130   2.432130934032e-01    2.443229119567e-01
 131   2.443229119567e-01    2.454327305102e-01
 132   2.454327305102e-01    2.465425490638e-01
 133   2.465425490638e-01    2.476523676173e-01
 134   2.476523676173e-01    2.487621861708e-01
 135   2.487621861708e-01    2.498720047243e-01
 136   2.498720047243e-01    2.509818232778e-01
 137   2.509818232778e-01    2.520916418313e-01
 138   2.520916418313e-01    2.532014603848e-01
 139   2.532014603848e-01    2.543112789383e-01
 140   2.543112789383e-01    2.554210974919e-01
 141   2.554210974919e-01    2.565309160454e-01
 142   2.565309160454e-01    2.576407345989e-01
 143   2.576407345989e-01    2.587505531524e-01
 144   2.587505531524e-01    2.598603717059e-01
 145   2.598603717059e-01    2.609701902594e-01
 146   2.609701902594e-01    2.620800088129e-01
 147   2.620800088129e-01    2.631898273664e-01
 148   2.631898273664e-01    2.642996459200e-01
 149   2.642996459200e-01    2.654094644735e-01
 150   2.654094644735e-01    2.665192830270e-01
 151   2.665192830270e-01    2.676291015805e-01
 152   2.676291015805e-01    2.687389201340e-01
 153   2.687389201340e-01    2.698487386875e-01
 154   2.698487386875e-01    2.709585572410e-01
 155   2.709585572410e-01    2.720683757946e-01
 156   2.720683757946e-01    2.731781943481e-01
 157   2.731781943481e-01    2.742880129016e-01
 158   2.742880129016e-01    2.753978314551e-01
 159   2.753978314551e-01    2.765076500086e-01
 160   2.765076500086e-01    2.776174685621e-01
 161   2.776174685621e-01    2.787272871156e-01
 162   2.787272871156e-01    2.798371056691e-01
 163   2.798371056691e-01    2.809469242227e-01
 164   2.809469242227e-01    2.820567427762e-01
 165   2.820567427762e-01    2.831665613297e-01
 166   2.831665613297e-01    2.842763798832e-01
 167   2.842763798832e-01    2.853861984367e-01
 168   2.853861984367e-01    2.864960169902e-01
 169   2.864960169902e-01    2.876058355437e-01
 170   2.876058355437e-01    2.887156540973e-01
 171   2.887156540973e-01    2.898254726508e-01
 172   2.898254726508e-01    2.909352912043e-01
 173   2.909352912043e-01    2.920451097578e-01
 174   2.920451097578e-01    2.931549283113e-01
 175   2.931549283113e-01    2.942647468648e-01
 176   2.942647468648e-01    2.953745654183e-01
 177   2.953745654183e-01    2.964843839718e-01
 178   2.964843839718e-01    2.975942025254e-01
 179   2.975942025254e-01    2.987040210789e-01
 180   2.987040210789e-01    2.998138396324e-01
 181   2.998138396324e-01    3.009236581859e-01
 182   3.009236581859e-01    3.020334767394e-01
 183   3.020334767394e-01    3.031432952929e-01
 184   3.031432952929e-01    3.042531138464e-01
 185   3.042531138464e-01    3.053629324000e-01
 186   3.053629324000e-01    3.064727509535e-01
 187   3.064727509535e-01    3.075825695070e-01
 188   3.075825695070e-01    3.086923880605e-01
 189   3.086923880605e-01    3.098022066140e-01
 190   3.098022066140e-01    3.109120251675e-01
 191   3.109120251675e-01    3.120218437210e-01
 192   3.120218437210e-01    3.131316622745e-01
 193   3.131316622745e-01    3.142414808281e-01
 194   3.142414808281e-01    3.153512993816e-01
 195   3.153512993816e-01    3.164611179351e-01
 196   3.164611179351e-01    3.175709364886e-01
 197   3.175709364886e-01    3.186807550421e-01
 198   3.186807550421e-01    3.197905735956e-01
 199   3.197905735956e-01    3.209003921491e-01
 200   3.209003921491e-01    3.220102107027e-01
 201   3.220102107027e-01    3.231200292562e-01
 202   3.231200292562e-01    3.242298478097e-01
 203   3.242298478097e-01    3.253396663632e-01
 204   3.253396663632e-01    3.264494849167e-01
 205   3.264494849167e-01    3.275593034702e-01
 206   3.275593034702e-01    3.286691220237e-01
 207   3.286691220237e-01    3.297789405772e-01
 208   3.297789405772e-01    3.308887591308e-01
 209   3.308887591308e-01    3.319985776843e-01
 210   3.319985776843e-01    3.331083962378e-01
 211   3.331083962378e-01    3.342182147913e-01
 212   3.342182147913e-01    3.353280333448e-01
 213   3.353280333448e-01    3.364378518983e-01
 214   3.364378518983e-01    3.375476704518e-01
 215   3.375476704518e-01    3.386574890054e-01
 216   3.386574890054e-01    3.397673075589e-01
 217   3.397673075589e-01    3.408771261124e-01
 218   3.408771261124e-01    3.419869446659e-01
 219   3.419869446659e-01    3.430967632194e-01
 220   3.430967632194e-01    3.442065817729e-01
 221   3.442065817729e-01    3.453164003264e-01
 222   3.453164003264e-01    3.464262188799e-01
 223   3.464262188799e-01    3.475360374335e-01
 224   3.475360374335e-01    3.486458559870e-01
 225   3.486458559870e-01    3.497556745405e-01
 226   3.497556745405e-01    3.508654930940e-01
 227   3.508654930940e-01    3.519753116475e-01
 228   3.519753116475e-01    3.530851302010e-01
 229   3.530851302010e-01    3.541949487545e-01
 230   3.541949487545e-01    3.553047673081e-01
 231   3.553047673081e-01    3.564145858616e-01
 232   3.564145858616e-01    3.575244044151e-01
 233   3.575244044151e-01    3.586342229686e-01
 234   3.586342229686e-01    3.597440415221e-01
 235   3.597440415221e-01    3.608538600756e-01
 236   3.608538600756e-01    3.619636786291e-01
 237   3.619636786291e-01    3.630734971826e-01
 238   3.630734971826e-01    3.641833157362e-01
 239   3.641833157362e-01    3.652931342897e-01
 240   3.652931342897e-01    3.664029528432e-01
 241   3.664029528432e-01    3.675127713967e-01
 242   3.675127713967e-01    3.686225899502e-01
 243   3.686225899502e-01    3.697324085037e-01
 244   3.697324085037e-01    3.708422270572e-01
 245   3.708422270572e-01    3.719520456107e-01
 246   3.719520456107e-01    3.730618641643e-01
 247   3.730618641643e-01    3.741716827178e-01
 248   3.741716827178e-01    3.752815012713e-01
 249   3.752815012713e-01    3.763913198248e-01
 250   3.763913198248e-01    3.775011383783e-01
 251   3.775011383783e-01    3.786109569318e-01
 252   3.786109569318e-01    3.797207754853e-01
 253   3.797207754853e-01    3.808305940389e-01
 254   3.808305940389e-01    3.819404125924e-01
 255   3.819404125924e-01    3.830502311459e-01
 256   3.830502311459e-01    3.841600496994e-01
 257   3.841600496994e-01    3.852698682529e-01
 258   3.852698682529e-01    3.863796868064e-01
 259   3.863796868064e-01    3.874895053599e-01
 260   3.874895053599e-01    3.885993239134e-01
 261   3.885993239134e-01    3.897091424670e-01
 262   3.897091424670e-01    3.908189610205e-01
 263   3.908189610205e-01    3.919287795740e-01
 264   3.919287795740e-01    3.930385981275e-01
 265   3.930385981275e-01    3.941484166810e-01
 266   3.941484166810e-01    3.952582352345e-01
 267   3.952582352345e-01    3.963680537880e-01
 268   3.963680537880e-01    3.974778723416e-01
 269   3.974778723416e-01    3.985876908951e-01
 270   3.985876908951e-01    3.996975094486e-01
 271   3.996975094486e-01    4.008073280021e-01
 272   4.008073280021e-01    4.019171465556e-01
 273   4.019171465556e-01    4.030269651091e-01
 274   4.030269651091e-01    4.041367836626e-01
 275   4.041367836626e-01    4.052466022161e-01
 276   4.052466022161e-01    4.063564207697e-01
 277   4.063564207697e-01    4.074662393232e-01
 278   4.074662393232e-01    4.085760578767e-01
 279   4.085760578767e-01    4.096858764302e-01
 280   4.096858764302e-01    4.107956949837e-01
 281   4.107956949837e-01    4.119055135372e-01
 282   4.119055135372e-01    4.130153320907e-01
 283   4.130153320907e-01    4.141251506443e-01
 284   4.141251506443e-01    4.152349691978e-01
 285   4.152349691978e-01    4.163447877513e-01
 286   4.163447877513e-01    4.174546063048e-01
 287   4.174546063048e-01    4.185644248583e-01
 288   4.185644248583e-01    4.196742434118e-01
 289   4.196742434118e-01    4.207840619653e-01
 290   4.207840619653e-01    4.218938805188e-01
 291   4.218938805188e-01    4.230036990724e-01
 292   4.230036990724e-01    4.241135176259e-01
 293   4.241135176259e-01    4.252233361794e-01
 294   4.252233361794e-01    4.263331547329e-01
 295   4.263331547329e-01    4.274429732864e-01
 296   4.274429732864e-01    4.285527918399e-01
 297   4.285527918399e-01    4.296626103934e-01
 298   4.296626103934e-01    4.307724289470e-01
 299   4.307724289470e-01    4.318822475005e-01
 300   4.318822475005e-01    4.329920660540e-01
 301   4.329920660540e-01    4.341018846075e-01
 302   4.341018846075e-01    4.352117031610e-01
 303   4.352117031610e-01    4.363215217145e-01
 304   4.363215217145e-01    4.374313402680e-01
 305   4.374313402680e-01    4.385411588215e-01
 306   4.385411588215e-01    4.396509773751e-01
 307   4.396509773751e-01    4.407607959286e-01
 308   4.407607959286e-01    4.418706144821e-01
 309   4.418706144821e-01    4.429804330356e-01
 310   4.429804330356e-01    4.440902515891e-01
 311   4.440902515891e-01    4.452000701426e-01
 312   4.452000701426e-01    4.463098886961e-01
 313   4.463098886961e-01    4.474197072497e-01
 314   4.474197072497e-01    4.485295258032e-01
 315   4.485295258032e-01    4.496393443567e-01
 316   4.496393443567e-01    4.507491629102e-01
 317   4.507491629102e-01    4.518589814637e-01
 318   4.518589814637e-01    4.529688000172e-01
 319   4.529688000172e-01    4.540786185707e-01
 320   4.540786185707e-01    4.551884371242e-01
 321   4.551884371242e-01    4.562982556778e-01
 322   4.562982556778e-01    4.574080742313e-01
 323   4.574080742313e-01    4.585178927848e-01
 324   4.585178927848e-01    4.596277113383e-01
 325   4.596277113383e-01    4.607375298918e-01
 326   4.607375298918e-01    4.618473484453e-01
 327   4.618473484453e-01    4.629571669988e-01
 328   4.629571669988e-01    4.640669855523e-01
 329   4.640669855523e-01    4.651768041059e-01
 330   4.651768041059e-01    4.662866226594e-01
 331   4.662866226594e-01    4.673964412129e-01
 332   4.673964412129e-01    4.685062597664e-01
 333   4.685062597664e-01    4.696160783199e-01
 334   4.696160783199e-01    4.707258968734e-01
 335   4.707258968734e-01    4.718357154269e-01
 336   4.718357154269e-01    4.729455339805e-01
 337   4.729455339805e-01    4.740553525340e-01
 338   4.740553525340e-01    4.751651710875e-01
 339   4.751651710875e-01    4.762749896410e-01
 340   4.762749896410e-01    4.773848081945e-01
 341   4.773848081945e-01    4.784946267480e-01
 342   4.784946267480e-01    4.796044453015e-01
 343   4.796044453015e-01    4.807142638550e-01
 344   4.807142638550e-01    4.818240824086e-01
 345   4.818240824086e-01    4.829339009621e-01
 346   4.829339009621e-01    4.840437195156e-01
 347   4.840437195156e-01    4.851535380691e-01
 348   4.851535380691e-01    4.862633566226e-01
 349   4.862633566226e-01    4.873731751761e-01
 350   4.873731751761e-01    4.884829937296e-01
 351   4.884829937296e-01    4.895928122832e-01
 352   4.895928122832e-01    4.907026308367e-01
 353   4.907026308367e-01    4.918124493902e-01
 354   4.918124493902e-01    4.929222679437e-01
 355   4.929222679437e-01    4.940320864972e-01
 356   4.940320864972e-01    4.951419050507e-01
 357   4.951419050507e-01    4.962517236042e-01
 358   4.962517236042e-01    4.973615421577e-01
 359   4.973615421577e-01    4.984713607113e-01
 360   4.984713607113e-01    4.995811792648e-01
 361   4.995811792648e-01    5.006909978183e-01
 362   5.006909978183e-01    5.018008163718e-01
 363   5.018008163718e-01    5.029106349253e-01
 364   5.029106349253e-01    5.040204534788e-01
 365   5.040204534788e-01    5.051302720323e-01
 366   5.051302720323e-01    5.062400905859e-01
 367   5.062400905859e-01    5.073499091394e-01
 368   5.073499091394e-01    5.084597276929e-01
 369   5.084597276929e-01    5.095695462464e-01
 370   5.095695462464e-01    5.106793647999e-01
 371   5.106793647999e-01    5.117891833534e-01
 372   5.117891833534e-01    5.128990019069e-01
 373   5.128990019069e-01    5.140088204604e-01
 374   5.140088204604e-01    5.151186390140e-01
 375   5.151186390140e-01    5.162284575675e-01
 376   5.162284575675e-01    5.173382761210e-01
 377   5.173382761210e-01    5.184480946745e-01
 378   5.184480946745e-01    5.195579132280e-01
 379   5.195579132280e-01    5.206677317815e-01
 380   5.206677317815e-01    5.217775503350e-01
 381   5.217775503350e-01    5.228873688886e-01
 382   5.228873688886e-01    5.239971874421e-01
 383   5.239971874421e-01    5.251070059956e-01
 384   5.251070059956e-01    5.262168245491e-01
 385   5.262168245491e-01    5.273266431026e-01
 386   5.273266431026e-01    5.284364616561e-01
 387   5.284364616561e-01    5.295462802096e-01
 388   5.295462802096e-01    5.306560987631e-01
 389   5.306560987631e-01    5.317659173167e-01
 390   5.317659173167e-01    5.328757358702e-01
 391   5.328757358702e-01    5.339855544237e-01
 392   5.339855544237e-01    5.350953729772e-01
 393   5.350953729772e-01    5.362051915307e-01
 394   5.362051915307e-01    5.373150100842e-01
 395   5.373150100842e-01    5.384248286377e-01
 396   5.384248286377e-01    5.395346471913e-01
 397   5.395346471913e-01    5.406444657448e-01
 398   5.406444657448e-01    5.417542842983e-01
 399   5.417542842983e-01    5.428641028518e-01
 400   5.428641028518e-01    5.439739214053e-01
 401   5.439739214053e-01    5.450837399588e-01
 402   5.450837399588e-01    5.461935585123e-01
 403   5.461935585123e-01    5.473033770658e-01
 404   5.473033770658e-01    5.484131956194e-01
 405   5.484131956194e-01    5.495230141729e-01
 406   5.495230141729e-01    5.506328327264e-01
 407   5.506328327264e-01    5.517426512799e-01
 408   5.517426512799e-01    5.528524698334e-01
 409   5.528524698334e-01    5.539622883869e-01
 410   5.539622883869e-01    5.550721069404e-01
 411   5.550721069404e-01    5.561819254940e-01
 412   5.561819254940e-01    5.572917440475e-01
 413   5.572917440475e-01    5.584015626010e-01
 414   5.584015626010e-01    5.595113811545e-01
 415   5.595113811545e-01    5.606211997080e-01
 416   5.606211997080e-01    5.617310182615e-01
 417   5.617310182615e-01    5.628408368150e-01
 418   5.628408368150e-01    5.639506553685e-01
 419   5.639506553685e-01    5.650604739221e-01
 420   5.650604739221e-01    5.661702924756e-01
 421   5.661702924756e-01    5.672801110291e-01
 422   5.672801110291e-01    5.683899295826e-01
 423   5.683899295826e-01    5.694997481361e-01
 424   5.694997481361e-01    5.706095666896e-01
 425   5.706095666896e-01    5.717193852431e-01
 426   5.717193852431e-01    5.728292037966e-01
 427   5.728292037966e-01    5.739390223502e-01
 428   5.739390223502e-01    5.750488409037e-01
 429   5.750488409037e-01    5.761586594572e-01
 430   5.761586594572e-01    5.772684780107e-01
 431   5.772684780107e-01    5.783782965642e-01
 432   5.783782965642e-01    5.794881151177e-01
 433   5.794881151177e-01    5.805979336712e-01
 434   5.805979336712e-01    5.817077522248e-01
 435   5.817077522248e-01    5.828175707783e-01
 436   5.828175707783e-01    5.839273893318e-01
 437   5.839273893318e-01    5.850372078853e-01
 438   5.850372078853e-01    5.861470264388e-01
 439   5.861470264388e-01    5.872568449923e-01
 440   5.872568449923e-01    5.883666635458e-01
 441   5.883666635458e-01    5.894764820993e-01
 442   5.894764820993e-01    5.905863006529e-01
 443   5.905863006529e-01    5.916961192064e-01
 444   5.916961192064e-01    5.928059377599e-01
 445   5.928059377599e-01    5.939157563134e-01
 446   5.939157563134e-01    5.950255748669e-01
 447   5.950255748669e-01    5.961353934204e-01
 448   5.961353934204e-01    5.972452119739e-01
 449   5.972452119739e-01    5.983550305275e-01
 450   5.983550305275e-01    5.994648490810e-01
 451   5.994648490810e-01    6.005746676345e-01
 452   6.005746676345e-01    6.016844861880e-01
 453   6.016844861880e-01    6.027943047415e-01
 454   6.027943047415e-01    6.039041232950e-01
 455   6.039041232950e-01    6.050139418485e-01
 456   6.050139418485e-01    6.061237604020e-01
 457   6.061237604020e-01    6.072335789556e-01
 458   6.072335789556e-01    6.083433975091e-01
 459   6.083433975091e-01    6.094532160626e-01
 460   6.094532160626e-01    6.105630346161e-01
 461   6.105630346161e-01    6.116728531696e-01
 462   6.116728531696e-01    6.127826717231e-01
 463   6.127826717231e-01    6.138924902766e-01
 464   6.138924902766e-01    6.150023088302e-01
 465   6.150023088302e-01    6.161121273837e-01
 466   6.161121273837e-01    6.172219459372e-01
 467   6.172219459372e-01    6.183317644907e-01
 468   6.183317644907e-01    6.194415830442e-01
 469   6.194415830442e-01    6.205514015977e-01
 470   6.205514015977e-01    6.216612201512e-01
 471   6.216612201512e-01    6.227710387047e-01
 472   6.227710387047e-01    6.238808572583e-01
 473   6.238808572583e-01    6.249906758118e-01
 474   6.249906758118e-01    6.261004943653e-01
 475   6.261004943653e-01    6.272103129188e-01
 476   6.272103129188e-01    6.283201314723e-01
 477   6.283201314723e-01    6.294299500258e-01
 478   6.294299500258e-01    6.305397685793e-01
 479   6.305397685793e-01    6.316495871329e-01
 480   6.316495871329e-01    6.327594056864e-01
 481   6.327594056864e-01    6.338692242399e-01
 482   6.338692242399e-01    6.349790427934e-01
 483   6.349790427934e-01    6.360888613469e-01
 484   6.360888613469e-01    6.371986799004e-01
 485   6.371986799004e-01    6.383084984539e-01
 486   6.383084984539e-01    6.394183170074e-01
 487   6.394183170074e-01    6.405281355610e-01
 488   6.405281355610e-01    6.416379541145e-01
 489   6.416379541145e-01    6.427477726680e-01
 490   6.427477726680e-01    6.438575912215e-01
 491   6.438575912215e-01    6.449674097750e-01
 492   6.449674097750e-01    6.460772283285e-01
 493   6.460772283285e-01    6.471870468820e-01
 494   6.471870468820e-01    6.482968654356e-01
 495   6.482968654356e-01    6.494066839891e-01
 496   6.494066839891e-01    6.505165025426e-01
 497   6.505165025426e-01    6.516263210961e-01
 498   6.516263210961e-01    6.527361396496e-01
 499   6.527361396496e-01    6.538459582031e-01
 500   6.538459582031e-01    6.549557767566e-01
 501   6.549557767566e-01    6.560655953101e-01
 502   6.560655953101e-01    6.571754138637e-01
 503   6.571754138637e-01    6.582852324172e-01
 504   6.582852324172e-01    6.593950509707e-01
 505   6.593950509707e-01    6.605048695242e-01
 506   6.605048695242e-01    6.616146880777e-01
 507   6.616146880777e-01    6.627245066312e-01
 508   6.627245066312e-01    6.638343251847e-01
 509   6.638343251847e-01    6.649441437383e-01
 510   6.649441437383e-01    6.660539622918e-01
 511   6.660539622918e-01    6.671637808453e-01
 512   6.671637808453e-01    6.682735993988e-01
 513   6.682735993988e-01    6.693834179523e-01
 514   6.693834179523e-01    6.704932365058e-01
 515   6.704932365058e-01    6.716030550593e-01
 516   6.716030550593e-01    6.727128736128e-01
 517   6.727128736128e-01    6.738226921664e-01
 518   6.738226921664e-01    6.749325107199e-01
 519   6.749325107199e-01    6.760423292734e-01
 520   6.760423292734e-01    6.771521478269e-01
 521   6.771521478269e-01    6.782619663804e-01
 522   6.782619663804e-01    6.793717849339e-01
 523   6.793717849339e-01    6.804816034874e-01
 524   6.804816034874e-01    6.815914220409e-01
 525   6.815914220409e-01    6.827012405945e-01
 526   6.827012405945e-01    6.838110591480e-01
 527   6.838110591480e-01    6.849208777015e-01
 528   6.849208777015e-01    6.860306962550e-01
 529   6.860306962550e-01    6.871405148085e-01
 530   6.871405148085e-01    6.882503333620e-01
 531   6.882503333620e-01    6.893601519155e-01
 532   6.893601519155e-01    6.904699704691e-01
 533   6.904699704691e-01    6.915797890226e-01
 534   6.915797890226e-01    6.926896075761e-01
 535   6.926896075761e-01    6.937994261296e-01
 536   6.937994261296e-01    6.949092446831e-01
 537   6.949092446831e-01    6.960190632366e-01
 538   6.960190632366e-01    6.971288817901e-01
 539   6.971288817901e-01    6.982387003436e-01
 540   6.982387003436e-01    6.993485188972e-01
 541   6.993485188972e-01    7.004583374507e-01
 542   7.004583374507e-01    7.015681560042e-01
 543   7.015681560042e-01    7.026779745577e-01
 544   7.026779745577e-01    7.037877931112e-01
 545   7.037877931112e-01    7.048976116647e-01
 546   7.048976116647e-01    7.060074302182e-01
 547   7.060074302182e-01    7.071172487718e-01
 548   7.071172487718e-01    7.082270673253e-01
 549   7.082270673253e-01    7.093368858788e-01
 550   7.093368858788e-01    7.104467044323e-01
 551   7.104467044323e-01    7.115565229858e-01
 552   7.115565229858e-01    7.126663415393e-01
 553   7.126663415393e-01    7.137761600928e-01
 554   7.137761600928e-01    7.148859786463e-01
 555   7.148859786463e-01    7.159957971999e-01
 556   7.159957971999e-01    7.171056157534e-01
 557   7.171056157534e-01    7.182154343069e-01
 558   7.182154343069e-01    7.193252528604e-01
 559   7.193252528604e-01    7.204350714139e-01
 560   7.204350714139e-01    7.215448899674e-01
 561   7.215448899674e-01    7.226547085209e-01
 562   7.226547085209e-01    7.237645270745e-01
 563   7.237645270745e-01    7.248743456280e-01
 564   7.248743456280e-01    7.259841641815e-01
 565   7.259841641815e-01    7.270939827350e-01
 566   7.270939827350e-01    7.282038012885e-01
 567   7.282038012885e-01    7.293136198420e-01
 568   7.293136198420e-01    7.304234383955e-01
 569   7.304234383955e-01    7.315332569490e-01
 570   7.315332569490e-01    7.326430755026e-01
 571   7.326430755026e-01    7.337528940561e-01
 572   7.337528940561e-01    7.348627126096e-01
 573   7.348627126096e-01    7.359725311631e-01
 574   7.359725311631e-01    7.370823497166e-01
 575   7.370823497166e-01    7.381921682701e-01
 576   7.381921682701e-01    7.393019868236e-01
 577   7.393019868236e-01    7.404118053772e-01
 578   7.404118053772e-01    7.415216239307e-01
 579   7.415216239307e-01    7.426314424842e-01
 580   7.426314424842e-01    7.437412610377e-01
 581   7.437412610377e-01    7.448510795912e-01
 582   7.448510795912e-01    7.459608981447e-01
 583   7.459608981447e-01    7.470707166982e-01
 584   7.470707166982e-01    7.481805352517e-01
 585   7.481805352517e-01    7.492903538053e-01
 586   7.492903538053e-01    7.504001723588e-01
 587   7.504001723588e-01    7.515099909123e-01
 588   7.515099909123e-01    7.526198094658e-01
 589   7.526198094658e-01    7.537296280193e-01
 590   7.537296280193e-01    7.548394465728e-01
 591   7.548394465728e-01    7.559492651263e-01
 592   7.559492651263e-01    7.570590836799e-01
 593   7.570590836799e-01    7.581689022334e-01
 594   7.581689022334e-01    7.592787207869e-01
 595   7.592787207869e-01    7.603885393404e-01
 596   7.603885393404e-01    7.614983578939e-01
 597   7.614983578939e-01    7.626081764474e-01
 598   7.626081764474e-01    7.637179950009e-01
 599   7.637179950009e-01    7.648278135544e-01
 600   7.648278135544e-01    7.659376321080e-01
 601   7.659376321080e-01    7.670474506615e-01
 602   7.670474506615e-01    7.681572692150e-01
 603   7.681572692150e-01    7.692670877685e-01
 604   7.692670877685e-01    7.703769063220e-01
 605   7.703769063220e-01    7.714867248755e-01
 606   7.714867248755e-01    7.725965434290e-01
 607   7.725965434290e-01    7.737063619826e-01
 608   7.737063619826e-01    7.748161805361e-01
 609   7.748161805361e-01    7.759259990896e-01
 610   7.759259990896e-01    7.770358176431e-01
 611   7.770358176431e-01    7.781456361966e-01
 612   7.781456361966e-01    7.792554547501e-01
 613   7.792554547501e-01    7.803652733036e-01
 614   7.803652733036e-01    7.814750918571e-01
 615   7.814750918571e-01    7.825849104107e-01
 616   7.825849104107e-01    7.836947289642e-01
 617   7.836947289642e-01    7.848045475177e-01
 618   7.848045475177e-01    7.859143660712e-01
 619   7.859143660712e-01    7.870241846247e-01
 620   7.870241846247e-01    7.881340031782e-01
 621   7.881340031782e-01    7.892438217317e-01
 622   7.892438217317e-01    7.903536402852e-01
 623   7.903536402852e-01    7.914634588388e-01
 624   7.914634588388e-01    7.925732773923e-01
 625   7.925732773923e-01    7.936830959458e-01
 626   7.936830959458e-01    7.947929144993e-01
 627   7.947929144993e-01    7.959027330528e-01
 628   7.959027330528e-01    7.970125516063e-01
 629   7.970125516063e-01    7.981223701598e-01
 630   7.981223701598e-01    7.992321887134e-01
 631   7.992321887134e-01    8.003420072669e-01
 632   8.003420072669e-01    8.014518258204e-01
 633   8.014518258204e-01    8.025616443739e-01
 634   8.025616443739e-01    8.036714629274e-01
 635   8.036714629274e-01    8.047812814809e-01
 636   8.047812814809e-01    8.058911000344e-01
 637   8.058911000344e-01    8.070009185879e-01
 638   8.070009185879e-01    8.081107371415e-01
 639   8.081107371415e-01    8.092205556950e-01
 640   8.092205556950e-01    8.103303742485e-01
 641   8.103303742485e-01    8.114401928020e-01
 642   8.114401928020e-01    8.125500113555e-01
 643   8.125500113555e-01    8.136598299090e-01
 644   8.136598299090e-01    8.147696484625e-01
 645   8.147696484625e-01    8.158794670161e-01
 646   8.158794670161e-01    8.169892855696e-01
 647   8.169892855696e-01    8.180991041231e-01
 648   8.180991041231e-01    8.192089226766e-01
 649   8.192089226766e-01    8.203187412301e-01
 650   8.203187412301e-01    8.214285597836e-01
 651   8.214285597836e-01    8.225383783371e-01
 652   8.225383783371e-01    8.236481968906e-01
 653   8.236481968906e-01    8.247580154442e-01
 654   8.247580154442e-01    8.258678339977e-01
 655   8.258678339977e-01    8.269776525512e-01
 656   8.269776525512e-01    8.280874711047e-01
 657   8.280874711047e-01    8.291972896582e-01
 658   8.291972896582e-01    8.303071082117e-01
 659   8.303071082117e-01    8.314169267652e-01
 660   8.314169267652e-01    8.325267453188e-01
 661   8.325267453188e-01    8.336365638723e-01
 662   8.336365638723e-01    8.347463824258e-01
 663   8.347463824258e-01    8.358562009793e-01
 664   8.358562009793e-01    8.369660195328e-01
 665   8.369660195328e-01    8.380758380863e-01
 666   8.380758380863e-01    8.391856566398e-01
 667   8.391856566398e-01    8.402954751933e-01
 668   8.402954751933e-01    8.414052937469e-01
 669   8.414052937469e-01    8.425151123004e-01
 670   8.425151123004e-01    8.436249308539e-01
 671   8.436249308539e-01    8.447347494074e-01
 672   8.447347494074e-01    8.458445679609e-01
 673   8.458445679609e-01    8.469543865144e-01
 674   8.469543865144e-01    8.480642050679e-01
 675   8.480642050679e-01    8.491740236215e-01
 676   8.491740236215e-01    8.502838421750e-01
 677   8.502838421750e-01    8.513936607285e-01
 678   8.513936607285e-01    8.525034792820e-01
 679   8.525034792820e-01    8.536132978355e-01
 680   8.536132978355e-01    8.547231163890e-01
 681   8.547231163890e-01    8.558329349425e-01
 682   8.558329349425e-01    8.569427534960e-01
 683   8.569427534960e-01    8.580525720496e-01
 684   8.580525720496e-01    8.591623906031e-01
 685   8.591623906031e-01    8.602722091566e-01
 686   8.602722091566e-01    8.613820277101e-01
 687   8.613820277101e-01    8.624918462636e-01
 688   8.624918462636e-01    8.636016648171e-01
 689   8.636016648171e-01    8.647114833706e-01
 690   8.647114833706e-01    8.658213019242e-01
 691   8.658213019242e-01    8.669311204777e-01
 692   8.669311204777e-01    8.680409390312e-01
 693   8.680409390312e-01    8.691507575847e-01
 694   8.691507575847e-01    8.702605761382e-01
 695   8.702605761382e-01    8.713703946917e-01
 696   8.713703946917e-01    8.724802132452e-01
 697   8.724802132452e-01    8.735900317987e-01
 698   8.735900317987e-01    8.746998503523e-01
 699   8.746998503523e-01    8.758096689058e-01
 700   8.758096689058e-01    8.769194874593e-01
 701   8.769194874593e-01    8.780293060128e-01
 702   8.780293060128e-01    8.791391245663e-01
 703   8.791391245663e-01    8.802489431198e-01
 704   8.802489431198e-01    8.813587616733e-01
 705   8.813587616733e-01    8.824685802268e-01
 706   8.824685802268e-01    8.835783987804e-01
 707   8.835783987804e-01    8.846882173339e-01
 708   8.846882173339e-01    8.857980358874e-01
 709   8.857980358874e-01    8.869078544409e-01
 710   8.869078544409e-01    8.880176729944e-01
 711   8.880176729944e-01    8.891274915479e-01
 712   8.891274915479e-01    8.902373101014e-01
 713   8.902373101014e-01    8.913471286550e-01
 714   8.913471286550e-01    8.924569472085e-01
 715   8.924569472085e-01    8.935667657620e-01
 716   8.935667657620e-01    8.946765843155e-01
 717   8.946765843155e-01    8.957864028690e-01
 718   8.957864028690e-01    8.968962214225e-01
 719   8.968962214225e-01    8.980060399760e-01
 720   8.980060399760e-01    8.991158585295e-01
 721   8.991158585295e-01    9.002256770831e-01
 722   9.002256770831e-01    9.013354956366e-01
 723   9.013354956366e-01    9.024453141901e-01
 724   9.024453141901e-01    9.035551327436e-01
 725   9.035551327436e-01    9.046649512971e-01
 726   9.046649512971e-01    9.057747698506e-01
 727   9.057747698506e-01    9.068845884041e-01
 728   9.068845884041e-01    9.079944069577e-01
 729   9.079944069577e-01    9.091042255112e-01
 730   9.091042255112e-01    9.102140440647e-01
 731   9.102140440647e-01    9.113238626182e-01
 732   9.113238626182e-01    9.124336811717e-01
 733   9.124336811717e-01    9.135434997252e-01
 734   9.135434997252e-01    9.146533182787e-01
 735   9.146533182787e-01    9.157631368322e-01
 736   9.157631368322e-01    9.168729553858e-01
 737   9.168729553858e-01    9.179827739393e-01
 738   9.179827739393e-01    9.190925924928e-01
 739   9.190925924928e-01    9.202024110463e-01
 740   9.202024110463e-01    9.213122295998e-01
 741   9.213122295998e-01    9.224220481533e-01
 742   9.224220481533e-01    9.235318667068e-01
 743   9.235318667068e-01    9.246416852604e-01
 744   9.246416852604e-01    9.257515038139e-01
 745   9.257515038139e-01    9.268613223674e-01
 746   9.268613223674e-01    9.279711409209e-01
 747   9.279711409209e-01    9.290809594744e-01
 748   9.290809594744e-01    9.301907780279e-01
 749   9.301907780279e-01    9.313005965814e-01
 750   9.313005965814e-01    9.324104151349e-01
 751   9.324104151349e-01    9.335202336885e-01
 752   9.335202336885e-01    9.346300522420e-01
 753   9.346300522420e-01    9.357398707955e-01
 754   9.357398707955e-01    9.368496893490e-01
 755   9.368496893490e-01    9.379595079025e-01
 756   9.379595079025e-01    9.390693264560e-01
 757   9.390693264560e-01    9.401791450095e-01
 758   9.401791450095e-01    9.412889635631e-01
 759   9.412889635631e-01    9.423987821166e-01
 760   9.423987821166e-01    9.435086006701e-01
 761   9.435086006701e-01    9.446184192236e-01
 762   9.446184192236e-01    9.457282377771e-01
 763   9.457282377771e-01    9.468380563306e-01
 764   9.468380563306e-01    9.479478748841e-01
 765   9.479478748841e-01    9.490576934376e-01
 766   9.490576934376e-01    9.501675119912e-01
 767   9.501675119912e-01    9.512773305447e-01
 768   9.512773305447e-01    9.523871490982e-01
 769   9.523871490982e-01    9.534969676517e-01
 770   9.534969676517e-01    9.546067862052e-01
 771   9.546067862052e-01    9.557166047587e-01
 772   9.557166047587e-01    9.568264233122e-01
 773   9.568264233122e-01    9.579362418658e-01
 774   9.579362418658e-01    9.590460604193e-01
 775   9.590460604193e-01    9.601558789728e-01
 776   9.601558789728e-01    9.612656975263e-01
 777   9.612656975263e-01    9.623755160798e-01
 778   9.623755160798e-01    9.634853346333e-01
 779   9.634853346333e-01    9.645951531868e-01
 780   9.645951531868e-01    9.657049717403e-01
 781   9.657049717403e-01    9.668147902939e-01
 782   9.668147902939e-01    9.679246088474e-01
 783   9.679246088474e-01    9.690344274009e-01
 784   9.690344274009e-01    9.701442459544e-01
 785   9.701442459544e-01    9.712540645079e-01
 786   9.712540645079e-01    9.723638830614e-01
 787   9.723638830614e-01    9.734737016149e-01
 788   9.734737016149e-01    9.745835201685e-01
 789   9.745835201685e-01    9.756933387220e-01
 790   9.756933387220e-01    9.768031572755e-01
 791   9.768031572755e-01    9.779129758290e-01
 792   9.779129758290e-01    9.790227943825e-01
 793   9.790227943825e-01    9.801326129360e-01
 794   9.801326129360e-01    9.812424314895e-01
 795   9.812424314895e-01    9.823522500430e-01
 796   9.823522500430e-01    9.834620685966e-01
 797   9.834620685966e-01    9.845718871501e-01
 798   9.845718871501e-01    9.856817057036e-01
 799   9.856817057036e-01    9.867915242571e-01
 800   9.867915242571e-01    9.879013428106e-01
 801   9.879013428106e-01    9.890111613641e-01
 802   9.890111613641e-01    9.901209799176e-01
 803   9.901209799176e-01    9.912307984711e-01
 804   9.912307984711e-01    9.923406170247e-01
 805   9.923406170247e-01    9.934504355782e-01
 806   9.934504355782e-01    9.945602541317e-01
 807   9.945602541317e-01    9.956700726852e-01
 808   9.956700726852e-01    9.967798912387e-01
 809   9.967798912387e-01    9.978897097922e-01
 810   9.978897097922e-01    9.989995283457e-01
 811   9.989995283457e-01    1.000109346899e+00
 812   1.000109346899e+00    1.001219165453e+00
 813   1.001219165453e+00    1.002328984006e+00
 814   1.002328984006e+00    1.003438802560e+00
 815   1.003438802560e+00    1.004548621113e+00
 816   1.004548621113e+00    1.005658439667e+00
 817   1.005658439667e+00    1.006768258220e+00
 818   1.006768258220e+00    1.007878076774e+00
 819   1.007878076774e+00    1.008987895327e+00
 820   1.008987895327e+00    1.010097713881e+00
 821   1.010097713881e+00    1.011207532434e+00
 822   1.011207532434e+00    1.012317350988e+00
 823   1.012317350988e+00    1.013427169541e+00
 824   1.013427169541e+00    1.014536988095e+00
 825   1.014536988095e+00    1.015646806648e+00
 826   1.015646806648e+00    1.016756625202e+00
 827   1.016756625202e+00    1.017866443755e+00
 828   1.017866443755e+00    1.018976262309e+00
 829   1.018976262309e+00    1.020086080862e+00
 830   1.020086080862e+00    1.021195899416e+00
 831   1.021195899416e+00    1.022305717970e+00
 832   1.022305717970e+00    1.023415536523e+00
 833   1.023415536523e+00    1.024525355077e+00
 834   1.024525355077e+00    1.025635173630e+00
 835   1.025635173630e+00    1.026744992184e+00
 836   1.026744992184e+00    1.027854810737e+00
 837   1.027854810737e+00    1.028964629291e+00
 838   1.028964629291e+00    1.030074447844e+00
 839   1.030074447844e+00    1.031184266398e+00
 840   1.031184266398e+00    1.032294084951e+00
 841   1.032294084951e+00    1.033403903505e+00
 842   1.033403903505e+00    1.034513722058e+00
 843   1.034513722058e+00    1.035623540612e+00
 844   1.035623540612e+00    1.036733359165e+00
 845   1.036733359165e+00    1.037843177719e+00
 846   1.037843177719e+00    1.038952996272e+00
 847   1.038952996272e+00    1.040062814826e+00
 848   1.040062814826e+00    1.041172633379e+00
 849   1.041172633379e+00    1.042282451933e+00
 850   1.042282451933e+00    1.043392270486e+00
 851   1.043392270486e+00    1.044502089040e+00
 852   1.044502089040e+00    1.045611907593e+00
 853   1.045611907593e+00    1.046721726147e+00
 854   1.046721726147e+00    1.047831544700e+00
 855   1.047831544700e+00    1.048941363254e+00
 856   1.048941363254e+00    1.050051181807e+00
 857   1.050051181807e+00    1.051161000361e+00
 858   1.051161000361e+00    1.052270818914e+00
 859   1.052270818914e+00    1.053380637468e+00
 860   1.053380637468e+00    1.054490456021e+00
 861   1.054490456021e+00    1.055600274575e+00
 862   1.055600274575e+00    1.056710093128e+00
 863   1.056710093128e+00    1.057819911682e+00
 864   1.057819911682e+00    1.058929730235e+00
 865   1.058929730235e+00    1.060039548789e+00
 866   1.060039548789e+00    1.061149367342e+00
 867   1.061149367342e+00    1.062259185896e+00
 868   1.062259185896e+00    1.063369004450e+00
 869   1.063369004450e+00    1.064478823003e+00
 870   1.064478823003e+00    1.065588641557e+00
 871   1.065588641557e+00    1.066698460110e+00
 872   1.066698460110e+00    1.067808278664e+00
 873   1.067808278664e+00    1.068918097217e+00
 874   1.068918097217e+00    1.070027915771e+00
 875   1.070027915771e+00    1.071137734324e+00
 876   1.071137734324e+00    1.072247552878e+00
 877   1.072247552878e+00    1.073357371431e+00
 878   1.073357371431e+00    1.074467189985e+00
 879   1.074467189985e+00    1.075577008538e+00
 880   1.075577008538e+00    1.076686827092e+00
 881   1.076686827092e+00    1.077796645645e+00
 882   1.077796645645e+00    1.078906464199e+00
 883   1.078906464199e+00    1.080016282752e+00
 884   1.080016282752e+00    1.081126101306e+00
 885   1.081126101306e+00    1.082235919859e+00
 886   1.082235919859e+00    1.083345738413e+00
 887   1.083345738413e+00    1.084455556966e+00
 888   1.084455556966e+00    1.085565375520e+00
 889   1.085565375520e+00    1.086675194073e+00
 890   1.086675194073e+00    1.087785012627e+00
 891   1.087785012627e+00    1.088894831180e+00
 892   1.088894831180e+00    1.090004649734e+00
 893   1.090004649734e+00    1.091114468287e+00
 894   1.091114468287e+00    1.092224286841e+00
 895   1.092224286841e+00    1.093334105394e+00
 896   1.093334105394e+00    1.094443923948e+00
 897   1.094443923948e+00    1.095553742501e+00
 898   1.095553742501e+00    1.096663561055e+00
 899   1.096663561055e+00    1.097773379608e+00
 900   1.097773379608e+00    1.098883198162e+00
 901   1.098883198162e+00    1.099993016715e+00
 902   1.099993016715e+00    1.101102835269e+00
 903   1.101102835269e+00    1.102212653822e+00
 904   1.102212653822e+00    1.103322472376e+00
 905   1.103322472376e+00    1.104432290930e+00
 906   1.104432290930e+00    1.105542109483e+00
 907   1.105542109483e+00    1.106651928037e+00
 908   1.106651928037e+00    1.107761746590e+00
 909   1.107761746590e+00    1.108871565144e+00
 910   1.108871565144e+00    1.109981383697e+00
 911   1.109981383697e+00    1.111091202251e+00
 912   1.111091202251e+00    1.112201020804e+00
 913   1.112201020804e+00    1.113310839358e+00
 914   1.113310839358e+00    1.114420657911e+00
 915   1.114420657911e+00    1.115530476465e+00
 916   1.115530476465e+00    1.116640295018e+00
 917   1.116640295018e+00    1.117750113572e+00
 918   1.117750113572e+00    1.118859932125e+00
 919   1.118859932125e+00    1.119969750679e+00
 920   1.119969750679e+00    1.121079569232e+00
 921   1.121079569232e+00    1.122189387786e+00
 922   1.122189387786e+00    1.123299206339e+00
 923   1.123299206339e+00    1.124409024893e+00
 924   1.124409024893e+00    1.125518843446e+00
 925   1.125518843446e+00    1.126628662000e+00
 926   1.126628662000e+00    1.127738480553e+00
 927   1.127738480553e+00    1.128848299107e+00
 928   1.128848299107e+00    1.129958117660e+00
 929   1.129958117660e+00    1.131067936214e+00
 930   1.131067936214e+00    1.132177754767e+00
 931   1.132177754767e+00    1.133287573321e+00
 932   1.133287573321e+00    1.134397391874e+00
 933   1.134397391874e+00    1.135507210428e+00
 934   1.135507210428e+00    1.136617028981e+00
 935   1.136617028981e+00    1.137726847535e+00
 936   1.137726847535e+00    1.138836666088e+00
 937   1.138836666088e+00    1.139946484642e+00
 938   1.139946484642e+00    1.141056303195e+00
 939   1.141056303195e+00    1.142166121749e+00
 940   1.142166121749e+00    1.143275940302e+00
 941   1.143275940302e+00    1.144385758856e+00
 942   1.144385758856e+00    1.145495577409e+00
 943   1.145495577409e+00    1.146605395963e+00
 944   1.146605395963e+00    1.147715214517e+00
 945   1.147715214517e+00    1.148825033070e+00
 946   1.148825033070e+00    1.149934851624e+00
 947   1.149934851624e+00    1.151044670177e+00
 948   1.151044670177e+00    1.152154488731e+00
 949   1.152154488731e+00    1.153264307284e+00
 950   1.153264307284e+00    1.154374125838e+00
 951   1.154374125838e+00    1.155483944391e+00
 952   1.155483944391e+00    1.156593762945e+00
 953   1.156593762945e+00    1.157703581498e+00
 954   1.157703581498e+00    1.158813400052e+00
 955   1.158813400052e+00    1.159923218605e+00
 956   1.159923218605e+00    1.161033037159e+00
 957   1.161033037159e+00    1.162142855712e+00
 958   1.162142855712e+00    1.163252674266e+00
 959   1.163252674266e+00    1.164362492819e+00
 960   1.164362492819e+00    1.165472311373e+00
 961   1.165472311373e+00    1.166582129926e+00
 962   1.166582129926e+00    1.167691948480e+00
 963   1.167691948480e+00    1.168801767033e+00
 964   1.168801767033e+00    1.169911585587e+00
 965   1.169911585587e+00    1.171021404140e+00
 966   1.171021404140e+00    1.172131222694e+00
 967   1.172131222694e+00    1.173241041247e+00
 968   1.173241041247e+00    1.174350859801e+00
 969   1.174350859801e+00    1.175460678354e+00
 970   1.175460678354e+00    1.176570496908e+00
 971   1.176570496908e+00    1.177680315461e+00
 972   1.177680315461e+00    1.178790134015e+00
 973   1.178790134015e+00    1.179899952568e+00
 974   1.179899952568e+00    1.181009771122e+00
 975   1.181009771122e+00    1.182119589675e+00
 976   1.182119589675e+00    1.183229408229e+00
 977   1.183229408229e+00    1.184339226782e+00
 978   1.184339226782e+00    1.185449045336e+00
 979   1.185449045336e+00    1.186558863889e+00
 980   1.186558863889e+00    1.187668682443e+00
 981   1.187668682443e+00    1.188778500997e+00
 982   1.188778500997e+00    1.189888319550e+00
 983   1.189888319550e+00    1.190998138104e+00
 984   1.190998138104e+00    1.192107956657e+00
 985   1.192107956657e+00    1.193217775211e+00
 986   1.193217775211e+00    1.194327593764e+00
 987   1.194327593764e+00    1.195437412318e+00
 988   1.195437412318e+00    1.196547230871e+00
 989   1.196547230871e+00    1.197657049425e+00
 990   1.197657049425e+00    1.198766867978e+00
 991   1.198766867978e+00    1.199876686532e+00
 992   1.199876686532e+00    1.200986505085e+00
 993   1.200986505085e+00    1.202096323639e+00
 994   1.202096323639e+00    1.203206142192e+00
 995   1.203206142192e+00    1.204315960746e+00
 996   1.204315960746e+00    1.205425779299e+00
 997   1.205425779299e+00    1.206535597853e+00
 998   1.206535597853e+00    1.207645416406e+00
 999   1.207645416406e+00    1.208755234960e+00
 1000   1.208755234960e+00    1.209865053513e+00
1 
 1   0.000000000000e+00    3.141600000000e+00
1 
 1   0.000000000000e+00    6.283200000000e+00
